<?xml version="1.0" encoding="utf-8" standalone="no"?>
<test-run id="2" testcasecount="5" result="Passed" total="5" passed="5" failed="0" inconclusive="0" skipped="0" asserts="5" engine-version="3.7.0.0" clr-version="4.0.30319.42000" start-time="2017-07-14 20:32:54Z" end-time="2017-07-14 20:32:55Z" duration="0.607035">
  <command-line><![CDATA["C:\Users\Javante\Documents\Programming\number-printer\NumberPrinter\packages\NUnit.ConsoleRunner.3.7.0\tools\nunit3-console.exe" .\Tests\bin\Debug\NumberTests.dll]]></command-line>
  <test-suite type="Assembly" id="0-1006" name="NumberTests.dll" fullname="C:\Users\Javante\Documents\Programming\number-printer\NumberPrinter\Tests\bin\Debug\NumberTests.dll" runstate="Runnable" testcasecount="5" result="Passed" start-time="2017-07-14 20:32:55Z" end-time="2017-07-14 20:32:55Z" duration="0.069915" total="5" passed="5" failed="0" warnings="0" inconclusive="0" skipped="0" asserts="5">
    <environment framework-version="3.7.1.0" clr-version="4.0.30319.42000" os-version="Microsoft Windows NT 10.0.14393.0" platform="Win32NT" cwd="C:\Users\Javante\Documents\Programming\number-printer\NumberPrinter" machine-name="STRUGGLER01" user="Javante" user-domain="STRUGGLER01" culture="en-US" uiculture="en-US" os-architecture="x64" />
    <settings>
      <setting name="DisposeRunners" value="True" />
      <setting name="WorkDirectory" value="C:\Users\Javante\Documents\Programming\number-printer\NumberPrinter" />
      <setting name="ImageRuntimeVersion" value="4.0.30319" />
      <setting name="ImageTargetFrameworkName" value=".NETFramework,Version=v4.5.2" />
      <setting name="ImageRequiresX86" value="False" />
      <setting name="ImageRequiresDefaultAppDomainAssemblyResolver" value="False" />
      <setting name="NumberOfTestWorkers" value="4" />
    </settings>
    <properties>
      <property name="_PID" value="15964" />
      <property name="_APPDOMAIN" value="domain-" />
    </properties>
    <test-suite type="TestSuite" id="0-1007" name="NumberTests" fullname="NumberTests" runstate="Runnable" testcasecount="5" result="Passed" start-time="2017-07-14 20:32:55Z" end-time="2017-07-14 20:32:55Z" duration="0.051264" total="5" passed="5" failed="0" warnings="0" inconclusive="0" skipped="0" asserts="5">
      <test-suite type="TestFixture" id="0-1000" name="Tests" fullname="NumberTests.Tests" classname="NumberTests.Tests" runstate="Runnable" testcasecount="5" result="Passed" start-time="2017-07-14 20:32:55Z" end-time="2017-07-14 20:32:55Z" duration="0.046494" total="5" passed="5" failed="0" warnings="0" inconclusive="0" skipped="0" asserts="5">
        <test-case id="0-1003" name="FifteenTest" fullname="NumberTests.Tests.FifteenTest" methodname="FifteenTest" classname="NumberTests.Tests" runstate="Runnable" seed="321853753" result="Passed" start-time="2017-07-14 20:32:55Z" end-time="2017-07-14 20:32:55Z" duration="0.019039" asserts="1">
          <output><![CDATA[1
2
Fizz
4
Buzz
Fizz
7
8
Fizz
Buzz
11
Fizz
13
14
FizzBuzz
]]></output>
        </test-case>
        <test-case id="0-1004" name="FiftyTest" fullname="NumberTests.Tests.FiftyTest" methodname="FiftyTest" classname="NumberTests.Tests" runstate="Runnable" seed="1415358262" result="Passed" start-time="2017-07-14 20:32:55Z" end-time="2017-07-14 20:32:55Z" duration="0.000298" asserts="1">
          <output><![CDATA[1
2
Fizz
4
Buzz
Fizz
Bang
8
Fizz
Buzz
11
Fizz
13
Bang
FizzBuzz
16
17
Fizz
19
Buzz
FizzBang
22
23
Fizz
Buzz
26
Fizz
Bang
29
FizzBuzz
31
32
Fizz
34
BuzzBang
Fizz
37
38
Fizz
Buzz
41
FizzBang
43
44
FizzBuzz
46
47
Fizz
Bang
Buzz
]]></output>
        </test-case>
        <test-case id="0-1005" name="FiveHundredTest" fullname="NumberTests.Tests.FiveHundredTest" methodname="FiveHundredTest" classname="NumberTests.Tests" runstate="Runnable" seed="1715574018" result="Passed" start-time="2017-07-14 20:32:55Z" end-time="2017-07-14 20:32:55Z" duration="0.000569" asserts="1">
          <output><![CDATA[1
2
Fizz
4
Buzz
Fizz
Bang
8
Fizz
Buzz
11
Fizz
Pop
Bang
FizzBuzz
16
17
Fizz
19
Buzz
FizzBang
22
23
Fizz
Buzz
Pop
Fizz
Bang
29
FizzBuzz
31
32
Fizz
34
BuzzBang
Fizz
37
38
FizzPop
Buzz
41
FizzBang
43
44
FizzBuzz
46
47
Fizz
Bang
Buzz
Fizz
Pop
53
Fizz
Buzz
Bang
Fizz
58
59
FizzBuzz
61
62
FizzBang
64
BuzzPop
Fizz
67
68
Fizz
BuzzBang
71
Fizz
73
74
FizzBuzz
76
Bang
FizzPop
79
Buzz
Fizz
82
83
FizzBang
Buzz
86
Fizz
88
89
FizzBuzz
BangPop
92
Fizz
94
Buzz
Fizz
97
Bang
Fizz
Buzz
101
Fizz
103
Pop
FizzBuzzBang
106
107
Fizz
109
Buzz
Fizz
Bang
113
Fizz
Buzz
116
FizzPop
118
Bang
FizzBuzz
121
122
Fizz
124
Buzz
FizzBang
127
128
Fizz
BuzzPop
131
Fizz
Bang
134
FizzBuzz
136
137
Fizz
139
BuzzBang
Fizz
142
Pop
Fizz
Buzz
146
FizzBang
148
149
FizzBuzz
151
152
Fizz
Bang
Buzz
FizzPop
157
158
Fizz
Buzz
Bang
Fizz
163
164
FizzBuzz
166
167
FizzBang
Pop
Buzz
Fizz
172
173
Fizz
BuzzBang
176
Fizz
178
179
FizzBuzz
181
BangPop
Fizz
184
Buzz
Fizz
187
188
FizzBang
Buzz
191
Fizz
193
194
FizzBuzzPop
Bang
197
Fizz
199
Buzz
Fizz
202
Bang
Fizz
Buzz
206
Fizz
Pop
209
FizzBuzzBang
211
212
Fizz
214
Buzz
Fizz
Bang
218
Fizz
Buzz
Pop
Fizz
223
Bang
FizzBuzz
226
227
Fizz
229
Buzz
FizzBang
232
233
FizzPop
Buzz
236
Fizz
Bang
239
FizzBuzz
241
242
Fizz
244
BuzzBang
Fizz
Pop
248
Fizz
Buzz
251
FizzBang
253
254
FizzBuzz
256
257
Fizz
Bang
BuzzPop
Fizz
262
263
Fizz
Buzz
Bang
Fizz
268
269
FizzBuzz
271
272
FizzBangPop
274
Buzz
Fizz
277
278
Fizz
BuzzBang
281
Fizz
283
284
FizzBuzz
Pop
Bang
Fizz
289
Buzz
Fizz
292
293
FizzBang
Buzz
296
Fizz
298
Pop
FizzBuzz
Bang
302
Fizz
304
Buzz
Fizz
307
Bang
Fizz
Buzz
311
FizzPop
313
314
FizzBuzzBang
316
317
Fizz
319
Buzz
Fizz
Bang
323
Fizz
BuzzPop
326
Fizz
328
Bang
FizzBuzz
331
332
Fizz
334
Buzz
FizzBang
337
Pop
Fizz
Buzz
341
Fizz
Bang
344
FizzBuzz
346
347
Fizz
349
BuzzBang
FizzPop
352
353
Fizz
Buzz
356
FizzBang
358
359
FizzBuzz
361
362
Fizz
BangPop
Buzz
Fizz
367
368
Fizz
Buzz
Bang
Fizz
373
374
FizzBuzz
376
Pop
FizzBang
379
Buzz
Fizz
382
383
Fizz
BuzzBang
386
Fizz
388
389
FizzBuzzPop
391
Bang
Fizz
394
Buzz
Fizz
397
398
FizzBang
Buzz
401
Fizz
Pop
404
FizzBuzz
Bang
407
Fizz
409
Buzz
Fizz
412
Bang
Fizz
Buzz
Pop
Fizz
418
419
FizzBuzzBang
421
422
Fizz
424
Buzz
Fizz
Bang
428
FizzPop
Buzz
431
Fizz
433
Bang
FizzBuzz
436
437
Fizz
439
Buzz
FizzBang
Pop
443
Fizz
Buzz
446
Fizz
Bang
449
FizzBuzz
451
452
Fizz
454
BuzzBangPop
Fizz
457
458
Fizz
Buzz
461
FizzBang
463
464
FizzBuzz
466
467
FizzPop
Bang
Buzz
Fizz
472
473
Fizz
Buzz
Bang
Fizz
478
479
FizzBuzz
Pop
482
FizzBang
484
Buzz
Fizz
487
488
Fizz
BuzzBang
491
Fizz
493
Pop
FizzBuzz
496
Bang
Fizz
499
Buzz
]]></output>
        </test-case>
        <test-case id="0-1001" name="NegativeTest" fullname="NumberTests.Tests.NegativeTest" methodname="NegativeTest" classname="NumberTests.Tests" runstate="Runnable" seed="60211332" result="Passed" start-time="2017-07-14 20:32:55Z" end-time="2017-07-14 20:32:55Z" duration="0.000232" asserts="1" />
        <test-case id="0-1002" name="ZeroTest" fullname="NumberTests.Tests.ZeroTest" methodname="ZeroTest" classname="NumberTests.Tests" runstate="Runnable" seed="415051869" result="Passed" start-time="2017-07-14 20:32:55Z" end-time="2017-07-14 20:32:55Z" duration="0.000259" asserts="1" />
      </test-suite>
    </test-suite>
  </test-suite>
</test-run>